<?xml version="1.0" encoding="UTF-8"?>
<!-- Generated by org.testng.reporters.JUnitReportReporter -->
<testsuite hostname="ATMECSINLT-038" failures="0" tests="7" name="com.chauhan.Saurabh.HomePageComputerPeripherals" time="47.096" errors="0" timestamp="14 Oct 2019 13:17:36 GMT" skipped="0">
  <testcase classname="com.chauhan.Saurabh.HomePageComputerPeripherals" name="validateMessage" time="2.836"/>
  <testcase classname="com.chauhan.Saurabh.HomePageComputerPeripherals" name="validateProductAvilability" time="3.407"/>
  <testcase classname="com.chauhan.Saurabh.HomePageComputerPeripherals" name="validatePricingSortingFunctionality" time="7.984"/>
  <testcase classname="com.chauhan.Saurabh.HomePageComputerPeripherals" name="validatePricingSortingFunctionality" time="8.149"/>
  <testcase classname="com.chauhan.Saurabh.HomePageComputerPeripherals" name="validatePricingSortingFunctionality" time="7.845"/>
  <testcase classname="com.chauhan.Saurabh.HomePageComputerPeripherals" name="validatePricingSortingFunctionality" time="9.731"/>
  <testcase classname="com.chauhan.Saurabh.HomePageComputerPeripherals" name="validatePricingSortingFunctionality" time="7.144"/>
</testsuite> <!-- com.chauhan.Saurabh.HomePageComputerPeripherals -->
